Traceback (most recent call last):
  File "/usr/share/miniconda/envs/CrocoDash/lib/python3.11/site-packages/jupyter_core/utils/__init__.py", line 154, in wrapped
    asyncio.get_running_loop()
RuntimeError: no running event loop

During handling of the above exception, another exception occurred:

Traceback (most recent call last):
  File "/usr/share/miniconda/envs/CrocoDash/lib/python3.11/site-packages/jupyter_cache/executors/utils.py", line 58, in single_nb_execution
    executenb(
  File "/usr/share/miniconda/envs/CrocoDash/lib/python3.11/site-packages/nbclient/client.py", line 1319, in execute
    return NotebookClient(nb=nb, resources=resources, km=km, **kwargs).execute()
           ^^^^^^^^^^^^^^^^^^^^^^^^^^^^^^^^^^^^^^^^^^^^^^^^^^^^^^^^^^^^^^^^^^^^^
  File "/usr/share/miniconda/envs/CrocoDash/lib/python3.11/site-packages/jupyter_core/utils/__init__.py", line 158, in wrapped
    return loop.run_until_complete(inner)
           ^^^^^^^^^^^^^^^^^^^^^^^^^^^^^^
  File "/usr/share/miniconda/envs/CrocoDash/lib/python3.11/asyncio/base_events.py", line 654, in run_until_complete
    return future.result()
           ^^^^^^^^^^^^^^^
  File "/usr/share/miniconda/envs/CrocoDash/lib/python3.11/site-packages/nbclient/client.py", line 709, in async_execute
    await self.async_execute_cell(
  File "/usr/share/miniconda/envs/CrocoDash/lib/python3.11/site-packages/nbclient/client.py", line 1062, in async_execute_cell
    await self._check_raise_for_error(cell, cell_index, exec_reply)
  File "/usr/share/miniconda/envs/CrocoDash/lib/python3.11/site-packages/nbclient/client.py", line 918, in _check_raise_for_error
    raise CellExecutionError.from_cell_and_msg(cell, exec_reply_content)
nbclient.exceptions.CellExecutionError: An error occurred while executing the following cell:
------------------
from CrocoDash.raw_data_access.datasets import seawifs as sw
sw.get_processed_global_seawifs_script_for_cli(
    output_dir="<insert_dir>",
    output_file="get_seawifs_data.sh"
)
------------------


[0;31m---------------------------------------------------------------------------[0m
[0;31mFileNotFoundError[0m                         Traceback (most recent call last)
Input [0;32mIn [1][0m, in [0;36m<cell line: 0>[0;34m()[0m
[1;32m      1[0m [38;5;28;01mfrom[39;00m[38;5;250m [39m[38;5;21;01mCrocoDash[39;00m[38;5;21;01m.[39;00m[38;5;21;01mraw_data_access[39;00m[38;5;21;01m.[39;00m[38;5;21;01mdatasets[39;00m[38;5;250m [39m[38;5;28;01mimport[39;00m seawifs [38;5;28;01mas[39;00m sw
[0;32m----> 2[0m [43msw[49m[38;5;241;43m.[39;49m[43mget_processed_global_seawifs_script_for_cli[49m[43m([49m
[1;32m      3[0m [43m    [49m[43moutput_dir[49m[38;5;241;43m=[39;49m[38;5;124;43m"[39;49m[38;5;124;43m<insert_dir>[39;49m[38;5;124;43m"[39;49m[43m,[49m
[1;32m      4[0m [43m    [49m[43moutput_file[49m[38;5;241;43m=[39;49m[38;5;124;43m"[39;49m[38;5;124;43mget_seawifs_data.sh[39;49m[38;5;124;43m"[39;49m
[1;32m      5[0m [43m)[49m

File [0;32m~/work/CrocoGallery/CrocoGallery/CrocoDash/CrocoDash/raw_data_access/datasets/seawifs.py:88[0m, in [0;36mget_processed_global_seawifs_script_for_cli[0;34m(dates, lat_min, lat_max, lon_min, lon_max, output_dir, output_file)[0m
[1;32m     57[0m [38;5;28;01mdef[39;00m[38;5;250m [39m[38;5;21mget_processed_global_seawifs_script_for_cli[39m(
[1;32m     58[0m     dates[38;5;241m=[39m[38;5;124m"[39m[38;5;124mUNUSED[39m[38;5;124m"[39m,
[1;32m     59[0m     lat_min[38;5;241m=[39m[38;5;124m"[39m[38;5;124mUNUSED[39m[38;5;124m"[39m,
[0;32m   (...)[0m
[1;32m     64[0m     output_file[38;5;241m=[39m[38;5;124m"[39m[38;5;124mprocessed_seawifs.nc[39m[38;5;124m"[39m,
[1;32m     65[0m ):
[1;32m     66[0m [38;5;250m    [39m[38;5;124;03m"""[39;00m
[1;32m     67[0m [38;5;124;03m    Downloads chlor_a data from the CESM inputdata repository by generating a script users can run in their terminal.[39;00m
[1;32m     68[0m [38;5;124;03m    Parameters[39;00m
[0;32m   (...)[0m
[1;32m     85[0m 
[1;32m     86[0m [38;5;124;03m    """[39;00m
[0;32m---> 88[0m     [38;5;28;01mreturn[39;00m [43mutils[49m[38;5;241;43m.[39;49m[43mwrite_bash_curl_script[49m[43m([49m
[1;32m     89[0m [43m        [49m[43murl[49m[38;5;241;43m=[39;49m[38;5;124;43m"[39;49m[38;5;124;43mhttps://svn-ccsm-inputdata.cgd.ucar.edu/trunk/inputdata/ocn/mom/croc/chl/data/SeaWIFS.L3m.MC.CHL.chlor_a.0.25deg.nc[39;49m[38;5;124;43m"[39;49m[43m,[49m
[1;32m     90[0m [43m        [49m[43mscript_name[49m[38;5;241;43m=[39;49m[38;5;124;43m"[39;49m[38;5;124;43mget_processed_seawifs.sh[39;49m[38;5;124;43m"[39;49m[43m,[49m
[1;32m     91[0m [43m        [49m[43moutput_dir[49m[38;5;241;43m=[39;49m[43moutput_dir[49m[43m,[49m
[1;32m     92[0m [43m        [49m[43moutput_filename[49m[38;5;241;43m=[39;49m[43moutput_file[49m[43m,[49m
[1;32m     93[0m [43m    [49m[43m)[49m

File [0;32m~/work/CrocoGallery/CrocoGallery/CrocoDash/CrocoDash/raw_data_access/datasets/utils.py:22[0m, in [0;36mwrite_bash_curl_script[0;34m(url, script_name, output_dir, output_filename)[0m
[1;32m     13[0m full_path [38;5;241m=[39m os[38;5;241m.[39mpath[38;5;241m.[39mjoin(output_dir, output_filename)
[1;32m     14[0m script_lines [38;5;241m=[39m [
[1;32m     15[0m     [38;5;124m"[39m[38;5;124m#!/bin/bash[39m[38;5;124m"[39m,
[1;32m     16[0m     [38;5;124m"[39m[38;5;124m"[39m,
[0;32m   (...)[0m
[1;32m     19[0m     [38;5;124m'[39m[38;5;124mecho [39m[38;5;124m"[39m[38;5;124mDownload complete.[39m[38;5;124m"[39m[38;5;124m'[39m,
[1;32m     20[0m ]
[0;32m---> 22[0m [38;5;28;01mwith[39;00m [38;5;28;43mopen[39;49m[43m([49m[43mfull_script_path[49m[43m,[49m[43m [49m[38;5;124;43m"[39;49m[38;5;124;43mw[39;49m[38;5;124;43m"[39;49m[43m)[49m [38;5;28;01mas[39;00m f:
[1;32m     23[0m     f[38;5;241m.[39mwrite([38;5;124m"[39m[38;5;130;01m\n[39;00m[38;5;124m"[39m[38;5;241m.[39mjoin(script_lines))
[1;32m     24[0m os[38;5;241m.[39mchmod(full_script_path, [38;5;241m0o755[39m)  [38;5;66;03m# Make it executable[39;00m

[0;31mFileNotFoundError[0m: [Errno 2] No such file or directory: '<insert_dir>/get_processed_seawifs.sh'

