Traceback (most recent call last):
  File "/usr/share/miniconda/envs/CrocoDash/lib/python3.11/site-packages/jupyter_core/utils/__init__.py", line 154, in wrapped
    asyncio.get_running_loop()
RuntimeError: no running event loop

During handling of the above exception, another exception occurred:

Traceback (most recent call last):
  File "/usr/share/miniconda/envs/CrocoDash/lib/python3.11/site-packages/jupyter_cache/executors/utils.py", line 58, in single_nb_execution
    executenb(
  File "/usr/share/miniconda/envs/CrocoDash/lib/python3.11/site-packages/nbclient/client.py", line 1319, in execute
    return NotebookClient(nb=nb, resources=resources, km=km, **kwargs).execute()
           ^^^^^^^^^^^^^^^^^^^^^^^^^^^^^^^^^^^^^^^^^^^^^^^^^^^^^^^^^^^^^^^^^^^^^
  File "/usr/share/miniconda/envs/CrocoDash/lib/python3.11/site-packages/jupyter_core/utils/__init__.py", line 158, in wrapped
    return loop.run_until_complete(inner)
           ^^^^^^^^^^^^^^^^^^^^^^^^^^^^^^
  File "/usr/share/miniconda/envs/CrocoDash/lib/python3.11/asyncio/base_events.py", line 654, in run_until_complete
    return future.result()
           ^^^^^^^^^^^^^^^
  File "/usr/share/miniconda/envs/CrocoDash/lib/python3.11/site-packages/nbclient/client.py", line 709, in async_execute
    await self.async_execute_cell(
  File "/usr/share/miniconda/envs/CrocoDash/lib/python3.11/site-packages/nbclient/client.py", line 1062, in async_execute_cell
    await self._check_raise_for_error(cell, cell_index, exec_reply)
  File "/usr/share/miniconda/envs/CrocoDash/lib/python3.11/site-packages/nbclient/client.py", line 918, in _check_raise_for_error
    raise CellExecutionError.from_cell_and_msg(cell, exec_reply_content)
nbclient.exceptions.CellExecutionError: An error occurred while executing the following cell:
------------------
# For example...
from CrocoDash.case import Case
case = Case(
    cesmroot = cesmroot,
    caseroot = caseroot,
    inputdir = inputdir,
    ocn_grid = grid,
    ocn_vgrid = vgrid,
    ocn_topo = topo,
    project = 'NCGD0011',
    override = True,
    machine = "derecho",
    compset = "1850_DATM%JRA_SLND_CICE_MOM6_SROF_SGLC_SWAV"
)
------------------


[0;31m---------------------------------------------------------------------------[0m
[0;31mNameError[0m                                 Traceback (most recent call last)
Input [0;32mIn [1][0m, in [0;36m<cell line: 0>[0;34m()[0m
[1;32m      1[0m [38;5;66;03m# For example...[39;00m
[1;32m      2[0m [38;5;28;01mfrom[39;00m[38;5;250m [39m[38;5;21;01mCrocoDash[39;00m[38;5;21;01m.[39;00m[38;5;21;01mcase[39;00m[38;5;250m [39m[38;5;28;01mimport[39;00m Case
[1;32m      3[0m case [38;5;241m=[39m Case(
[0;32m----> 4[0m     cesmroot [38;5;241m=[39m [43mcesmroot[49m,
[1;32m      5[0m     caseroot [38;5;241m=[39m caseroot,
[1;32m      6[0m     inputdir [38;5;241m=[39m inputdir,
[1;32m      7[0m     ocn_grid [38;5;241m=[39m grid,
[1;32m      8[0m     ocn_vgrid [38;5;241m=[39m vgrid,
[1;32m      9[0m     ocn_topo [38;5;241m=[39m topo,
[1;32m     10[0m     project [38;5;241m=[39m [38;5;124m'[39m[38;5;124mNCGD0011[39m[38;5;124m'[39m,
[1;32m     11[0m     override [38;5;241m=[39m [38;5;28;01mTrue[39;00m,
[1;32m     12[0m     machine [38;5;241m=[39m [38;5;124m"[39m[38;5;124mderecho[39m[38;5;124m"[39m,
[1;32m     13[0m     compset [38;5;241m=[39m [38;5;124m"[39m[38;5;124m1850_DATM[39m[38;5;124m%[39m[38;5;124mJRA_SLND_CICE_MOM6_SROF_SGLC_SWAV[39m[38;5;124m"[39m
[1;32m     14[0m )

[0;31mNameError[0m: name 'cesmroot' is not defined

