Traceback (most recent call last):
  File "/usr/share/miniconda/envs/CrocoDash/lib/python3.11/site-packages/jupyter_core/utils/__init__.py", line 154, in wrapped
    asyncio.get_running_loop()
RuntimeError: no running event loop

During handling of the above exception, another exception occurred:

Traceback (most recent call last):
  File "/usr/share/miniconda/envs/CrocoDash/lib/python3.11/site-packages/jupyter_cache/executors/utils.py", line 58, in single_nb_execution
    executenb(
  File "/usr/share/miniconda/envs/CrocoDash/lib/python3.11/site-packages/nbclient/client.py", line 1319, in execute
    return NotebookClient(nb=nb, resources=resources, km=km, **kwargs).execute()
           ^^^^^^^^^^^^^^^^^^^^^^^^^^^^^^^^^^^^^^^^^^^^^^^^^^^^^^^^^^^^^^^^^^^^^
  File "/usr/share/miniconda/envs/CrocoDash/lib/python3.11/site-packages/jupyter_core/utils/__init__.py", line 158, in wrapped
    return loop.run_until_complete(inner)
           ^^^^^^^^^^^^^^^^^^^^^^^^^^^^^^
  File "/usr/share/miniconda/envs/CrocoDash/lib/python3.11/asyncio/base_events.py", line 654, in run_until_complete
    return future.result()
           ^^^^^^^^^^^^^^^
  File "/usr/share/miniconda/envs/CrocoDash/lib/python3.11/site-packages/nbclient/client.py", line 709, in async_execute
    await self.async_execute_cell(
  File "/usr/share/miniconda/envs/CrocoDash/lib/python3.11/site-packages/nbclient/client.py", line 1062, in async_execute_cell
    await self._check_raise_for_error(cell, cell_index, exec_reply)
  File "/usr/share/miniconda/envs/CrocoDash/lib/python3.11/site-packages/nbclient/client.py", line 918, in _check_raise_for_error
    raise CellExecutionError.from_cell_and_msg(cell, exec_reply_content)
nbclient.exceptions.CellExecutionError: An error occurred while executing the following cell:
------------------
%matplotlib ipympl
from CrocoDash.topo_editor import TopoEditor
TopoEditor(topo)
------------------


[0;31m---------------------------------------------------------------------------[0m
[0;31mAttributeError[0m                            Traceback (most recent call last)
Input [0;32mIn [5][0m, in [0;36m<cell line: 0>[0;34m()[0m
[1;32m      1[0m get_ipython()[38;5;241m.[39mrun_line_magic([38;5;124m'[39m[38;5;124mmatplotlib[39m[38;5;124m'[39m, [38;5;124m'[39m[38;5;124mipympl[39m[38;5;124m'[39m)
[1;32m      2[0m [38;5;28;01mfrom[39;00m[38;5;250m [39m[38;5;21;01mCrocoDash[39;00m[38;5;21;01m.[39;00m[38;5;21;01mtopo_editor[39;00m[38;5;250m [39m[38;5;28;01mimport[39;00m TopoEditor
[0;32m----> 3[0m [43mTopoEditor[49m[43m([49m[43mtopo[49m[43m)[49m

File [0;32m~/work/CrocoGallery/CrocoGallery/CrocoDash/CrocoDash/visualCaseGen/external/mom6_bathy/mom6_bathy/topo_editor.py:19[0m, in [0;36mTopoEditor.__init__[0;34m(self, topo)[0m
[1;32m     16[0m [38;5;28mself[39m[38;5;241m.[39m_selected_cell [38;5;241m=[39m [38;5;28;01mNone[39;00m [38;5;66;03m# none or (i, j, patch)[39;00m
[1;32m     18[0m [38;5;28mself[39m[38;5;241m.[39mconstruct_control_panel()
[0;32m---> 19[0m [38;5;28;43mself[39;49m[38;5;241;43m.[39;49m[43mconstruct_interactive_plot[49m[43m([49m[43m)[49m
[1;32m     20[0m [38;5;28mself[39m[38;5;241m.[39mconstruct_observances()
[1;32m     22[0m [38;5;28msuper[39m()[38;5;241m.[39m[38;5;21m__init__[39m([
[1;32m     23[0m     [38;5;28mself[39m[38;5;241m.[39m_control_panel,
[1;32m     24[0m     [38;5;28mself[39m[38;5;241m.[39m_interactive_plot,
[1;32m     25[0m ])

File [0;32m~/work/CrocoGallery/CrocoGallery/CrocoDash/CrocoDash/visualCaseGen/external/mom6_bathy/mom6_bathy/topo_editor.py:70[0m, in [0;36mTopoEditor.construct_interactive_plot[0;34m(self)[0m
[1;32m     67[0m [38;5;28mself[39m[38;5;241m.[39mcbar [38;5;241m=[39m [38;5;28mself[39m[38;5;241m.[39mfig[38;5;241m.[39mcolorbar([38;5;28mself[39m[38;5;241m.[39mim)
[1;32m     69[0m [38;5;66;03m# colorbar title[39;00m
[0;32m---> 70[0m [38;5;28mself[39m[38;5;241m.[39mcbar[38;5;241m.[39mset_label([38;5;124mf[39m[38;5;124m'[39m[38;5;124mDepth ([39m[38;5;132;01m{[39;00m[38;5;28;43mself[39;49m[38;5;241;43m.[39;49m[43mtopo[49m[38;5;241;43m.[39;49m[43mdepth[49m[38;5;241;43m.[39;49m[43munits[49m[38;5;132;01m}[39;00m[38;5;124m)[39m[38;5;124m'[39m)
[1;32m     72[0m [38;5;66;03m# Enforce Cbar integer values for easier mask/basinmask colorbar[39;00m
[1;32m     73[0m [38;5;28mself[39m[38;5;241m.[39mcbar[38;5;241m.[39mset_ticks(MaxNLocator(integer[38;5;241m=[39m[38;5;28;01mTrue[39;00m))  [38;5;66;03m# Ensure ticks are integers [39;00m

File [0;32m/usr/share/miniconda/envs/CrocoDash/lib/python3.11/site-packages/xarray/core/common.py:280[0m, in [0;36mAttrAccessMixin.__getattr__[0;34m(self, name)[0m
[1;32m    278[0m         [38;5;28;01mwith[39;00m suppress([38;5;167;01mKeyError[39;00m):
[1;32m    279[0m             [38;5;28;01mreturn[39;00m source[name]
[0;32m--> 280[0m [38;5;28;01mraise[39;00m [38;5;167;01mAttributeError[39;00m(
[1;32m    281[0m     [38;5;124mf[39m[38;5;124m"[39m[38;5;132;01m{[39;00m[38;5;28mtype[39m([38;5;28mself[39m)[38;5;241m.[39m[38;5;18m__name__[39m[38;5;132;01m!r}[39;00m[38;5;124m object has no attribute [39m[38;5;132;01m{[39;00mname[38;5;132;01m!r}[39;00m[38;5;124m"[39m
[1;32m    282[0m )

[0;31mAttributeError[0m: 'DataArray' object has no attribute 'units'

